<?xml version="1.0" encoding="UTF-8"?>
<!-- Generated by org.testng.reporters.JUnitReportReporter -->
<testsuite hostname="DESKTOP-CODLMV7" failures="0" tests="4" name="com.bankingproject.loginpage.TestNgDemo" time="0.032" errors="0" timestamp="2023-02-01T20:34:16 IST" skipped="0">
  <testcase classname="com.bankingproject.loginpage.TestNgDemo" name="test" time="0.002"/>
  <system-out/>
  <testcase classname="com.bankingproject.loginpage.TestNgDemo" name="testOne" time="0.025"/>
  <system-out/>
  <testcase classname="com.bankingproject.loginpage.TestNgDemo" name="test1" time="0.002"/>
  <system-out/>
  <testcase classname="com.bankingproject.loginpage.TestNgDemo" name="testTwo" time="0.003"/>
  <system-out/>
</testsuite> <!-- com.bankingproject.loginpage.TestNgDemo -->
